<?xml version="1.0" encoding="UTF-8"?>
<testsuite name="com.nautical99diary.nautical99diary.Nautical99DiaryApplicationTests" tests="1" skipped="0" failures="0" errors="0" timestamp="2022-06-13T01:19:06" hostname="DESKTOP-DNP38AM" time="0.085">
  <properties/>
  <testcase name="contextLoads()" classname="com.nautical99diary.nautical99diary.Nautical99DiaryApplicationTests" time="0.085"/>
  <system-out><![CDATA[10:19:01.685 [Test worker] DEBUG org.springframework.test.context.BootstrapUtils - Instantiating CacheAwareContextLoaderDelegate from class [org.springframework.test.context.cache.DefaultCacheAwareContextLoaderDelegate]
10:19:01.698 [Test worker] DEBUG org.springframework.test.context.BootstrapUtils - Instantiating BootstrapContext using constructor [public org.springframework.test.context.support.DefaultBootstrapContext(java.lang.Class,org.springframework.test.context.CacheAwareContextLoaderDelegate)]
10:19:01.732 [Test worker] DEBUG org.springframework.test.context.BootstrapUtils - Instantiating TestContextBootstrapper for test class [com.nautical99diary.nautical99diary.Nautical99DiaryApplicationTests] from class [org.springframework.boot.test.context.SpringBootTestContextBootstrapper]
10:19:01.747 [Test worker] INFO org.springframework.boot.test.context.SpringBootTestContextBootstrapper - Neither @ContextConfiguration nor @ContextHierarchy found for test class [com.nautical99diary.nautical99diary.Nautical99DiaryApplicationTests], using SpringBootContextLoader
10:19:01.751 [Test worker] DEBUG org.springframework.test.context.support.AbstractContextLoader - Did not detect default resource location for test class [com.nautical99diary.nautical99diary.Nautical99DiaryApplicationTests]: class path resource [com/nautical99diary/nautical99diary/Nautical99DiaryApplicationTests-context.xml] does not exist
10:19:01.752 [Test worker] DEBUG org.springframework.test.context.support.AbstractContextLoader - Did not detect default resource location for test class [com.nautical99diary.nautical99diary.Nautical99DiaryApplicationTests]: class path resource [com/nautical99diary/nautical99diary/Nautical99DiaryApplicationTestsContext.groovy] does not exist
10:19:01.752 [Test worker] INFO org.springframework.test.context.support.AbstractContextLoader - Could not detect default resource locations for test class [com.nautical99diary.nautical99diary.Nautical99DiaryApplicationTests]: no resource found for suffixes {-context.xml, Context.groovy}.
10:19:01.753 [Test worker] INFO org.springframework.test.context.support.AnnotationConfigContextLoaderUtils - Could not detect default configuration classes for test class [com.nautical99diary.nautical99diary.Nautical99DiaryApplicationTests]: Nautical99DiaryApplicationTests does not declare any static, non-private, non-final, nested classes annotated with @Configuration.
10:19:01.799 [Test worker] DEBUG org.springframework.test.context.support.ActiveProfilesUtils - Could not find an 'annotation declaring class' for annotation type [org.springframework.test.context.ActiveProfiles] and class [com.nautical99diary.nautical99diary.Nautical99DiaryApplicationTests]
10:19:01.872 [Test worker] DEBUG org.springframework.context.annotation.ClassPathScanningCandidateComponentProvider - Identified candidate component class: file [C:\Users\coffe\Documents\voyage99_6_weeks_seven_teams\BackEnd\build\classes\java\main\com\nautical99diary\nautical99diary\Nautical99DiaryApplication.class]
10:19:01.874 [Test worker] INFO org.springframework.boot.test.context.SpringBootTestContextBootstrapper - Found @SpringBootConfiguration com.nautical99diary.nautical99diary.Nautical99DiaryApplication for test class com.nautical99diary.nautical99diary.Nautical99DiaryApplicationTests
10:19:01.981 [Test worker] DEBUG org.springframework.boot.test.context.SpringBootTestContextBootstrapper - @TestExecutionListeners is not present for class [com.nautical99diary.nautical99diary.Nautical99DiaryApplicationTests]: using defaults.
10:19:01.982 [Test worker] INFO org.springframework.boot.test.context.SpringBootTestContextBootstrapper - Loaded default TestExecutionListener class names from location [META-INF/spring.factories]: [org.springframework.boot.test.autoconfigure.restdocs.RestDocsTestExecutionListener, org.springframework.boot.test.autoconfigure.web.client.MockRestServiceServerResetTestExecutionListener, org.springframework.boot.test.autoconfigure.web.servlet.MockMvcPrintOnlyOnFailureTestExecutionListener, org.springframework.boot.test.autoconfigure.web.servlet.WebDriverTestExecutionListener, org.springframework.boot.test.autoconfigure.webservices.client.MockWebServiceServerTestExecutionListener, org.springframework.boot.test.mock.mockito.MockitoTestExecutionListener, org.springframework.boot.test.mock.mockito.ResetMocksTestExecutionListener, org.springframework.test.context.web.ServletTestExecutionListener, org.springframework.test.context.support.DirtiesContextBeforeModesTestExecutionListener, org.springframework.test.context.event.ApplicationEventsTestExecutionListener, org.springframework.test.context.support.DependencyInjectionTestExecutionListener, org.springframework.test.context.support.DirtiesContextTestExecutionListener, org.springframework.test.context.transaction.TransactionalTestExecutionListener, org.springframework.test.context.jdbc.SqlScriptsTestExecutionListener, org.springframework.test.context.event.EventPublishingTestExecutionListener]
10:19:02.002 [Test worker] INFO org.springframework.boot.test.context.SpringBootTestContextBootstrapper - Using TestExecutionListeners: [org.springframework.test.context.web.ServletTestExecutionListener@64bce832, org.springframework.test.context.support.DirtiesContextBeforeModesTestExecutionListener@764faa6, org.springframework.test.context.event.ApplicationEventsTestExecutionListener@4c1f22f3, org.springframework.boot.test.mock.mockito.MockitoTestExecutionListener@598bd2ba, org.springframework.boot.test.autoconfigure.SpringBootDependencyInjectionTestExecutionListener@5a755cc1, org.springframework.test.context.support.DirtiesContextTestExecutionListener@7ae42ce3, org.springframework.test.context.transaction.TransactionalTestExecutionListener@4f5991f6, org.springframework.test.context.jdbc.SqlScriptsTestExecutionListener@484094a5, org.springframework.test.context.event.EventPublishingTestExecutionListener@38234a38, org.springframework.boot.test.autoconfigure.restdocs.RestDocsTestExecutionListener@63fbfaeb, org.springframework.boot.test.autoconfigure.web.client.MockRestServiceServerResetTestExecutionListener@602e0143, org.springframework.boot.test.autoconfigure.web.servlet.MockMvcPrintOnlyOnFailureTestExecutionListener@2c07545f, org.springframework.boot.test.autoconfigure.web.servlet.WebDriverTestExecutionListener@e57b96d, org.springframework.boot.test.autoconfigure.webservices.client.MockWebServiceServerTestExecutionListener@32c726ee, org.springframework.boot.test.mock.mockito.ResetMocksTestExecutionListener@22f31dec]
10:19:02.006 [Test worker] DEBUG org.springframework.test.context.support.AbstractDirtiesContextTestExecutionListener - Before test class: context [DefaultTestContext@3f9342d4 testClass = Nautical99DiaryApplicationTests, testInstance = [null], testMethod = [null], testException = [null], mergedContextConfiguration = [WebMergedContextConfiguration@ab7395e testClass = Nautical99DiaryApplicationTests, locations = '{}', classes = '{class com.nautical99diary.nautical99diary.Nautical99DiaryApplication}', contextInitializerClasses = '[]', activeProfiles = '{}', propertySourceLocations = '{}', propertySourceProperties = '{org.springframework.boot.test.context.SpringBootTestContextBootstrapper=true}', contextCustomizers = set[org.springframework.boot.test.autoconfigure.actuate.metrics.MetricsExportContextCustomizerFactory$DisableMetricExportContextCustomizer@4c60d6e9, org.springframework.boot.test.autoconfigure.properties.PropertyMappingContextCustomizer@0, org.springframework.boot.test.autoconfigure.web.servlet.WebDriverContextCustomizerFactory$Customizer@16eb3ea3, org.springframework.boot.test.context.filter.ExcludeFilterContextCustomizer@5032714f, org.springframework.boot.test.json.DuplicateJsonObjectContextCustomizerFactory$DuplicateJsonObjectContextCustomizer@402c4085, org.springframework.boot.test.mock.mockito.MockitoContextCustomizer@0, org.springframework.boot.test.web.client.TestRestTemplateContextCustomizer@496bc455, org.springframework.boot.test.context.SpringBootTestArgs@1, org.springframework.boot.test.context.SpringBootTestWebEnvironment@7a4ccb53], resourceBasePath = 'src/main/webapp', contextLoader = 'org.springframework.boot.test.context.SpringBootContextLoader', parent = [null]], attributes = map['org.springframework.test.context.web.ServletTestExecutionListener.activateListener' -> true]], class annotated with @DirtiesContext [false] with mode [null].

  .   ____          _            __ _ _
 /\\ / ___'_ __ _ _(_)_ __  __ _ \ \ \ \
( ( )\___ | '_ | '_| | '_ \/ _` | \ \ \ \
 \\/  ___)| |_)| | | | | || (_| |  ) ) ) )
  '  |____| .__|_| |_|_| |_\__, | / / / /
 =========|_|==============|___/=/_/_/_/
 :: Spring Boot ::                (v2.7.0)

2022-06-13 10:19:02.318  INFO 9456 --- [    Test worker] c.n.n.Nautical99DiaryApplicationTests    : Starting Nautical99DiaryApplicationTests using Java 1.8.0_312 on DESKTOP-DNP38AM with PID 9456 (started by coffe in C:\Users\coffe\Documents\voyage99_6_weeks_seven_teams\BackEnd)
2022-06-13 10:19:02.319  INFO 9456 --- [    Test worker] c.n.n.Nautical99DiaryApplicationTests    : No active profile set, falling back to 1 default profile: "default"
2022-06-13 10:19:03.039  INFO 9456 --- [    Test worker] .s.d.r.c.RepositoryConfigurationDelegate : Bootstrapping Spring Data JPA repositories in DEFAULT mode.
2022-06-13 10:19:03.110  INFO 9456 --- [    Test worker] .s.d.r.c.RepositoryConfigurationDelegate : Finished Spring Data repository scanning in 59 ms. Found 1 JPA repository interfaces.
2022-06-13 10:19:03.750  INFO 9456 --- [    Test worker] o.hibernate.jpa.internal.util.LogHelper  : HHH000204: Processing PersistenceUnitInfo [name: default]
2022-06-13 10:19:03.812  INFO 9456 --- [    Test worker] org.hibernate.Version                    : HHH000412: Hibernate ORM core version 5.6.9.Final
2022-06-13 10:19:04.004  INFO 9456 --- [    Test worker] o.hibernate.annotations.common.Version   : HCANN000001: Hibernate Commons Annotations {5.1.2.Final}
2022-06-13 10:19:04.134  INFO 9456 --- [    Test worker] com.zaxxer.hikari.HikariDataSource       : HikariPool-1 - Starting...
2022-06-13 10:19:04.666  INFO 9456 --- [    Test worker] com.zaxxer.hikari.HikariDataSource       : HikariPool-1 - Start completed.
2022-06-13 10:19:04.706  INFO 9456 --- [    Test worker] org.hibernate.dialect.Dialect            : HHH000400: Using dialect: org.hibernate.dialect.MySQL8Dialect
2022-06-13 10:19:05.480  INFO 9456 --- [    Test worker] o.h.e.t.j.p.i.JtaPlatformInitiator       : HHH000490: Using JtaPlatform implementation: [org.hibernate.engine.transaction.jta.platform.internal.NoJtaPlatform]
2022-06-13 10:19:05.490  INFO 9456 --- [    Test worker] j.LocalContainerEntityManagerFactoryBean : Initialized JPA EntityManagerFactory for persistence unit 'default'
2022-06-13 10:19:06.026  WARN 9456 --- [    Test worker] JpaBaseConfiguration$JpaWebConfiguration : spring.jpa.open-in-view is enabled by default. Therefore, database queries may be performed during view rendering. Explicitly configure spring.jpa.open-in-view to disable this warning
2022-06-13 10:19:06.800  INFO 9456 --- [    Test worker] o.s.b.a.h2.H2ConsoleAutoConfiguration    : H2 console available at '/h2-console'. Database available at 'jdbc:mysql://springboot-db.criwvwo7dh3g.ap-northeast-2.rds.amazonaws.com:3306/myblog'
2022-06-13 10:19:06.893  INFO 9456 --- [    Test worker] c.n.n.Nautical99DiaryApplicationTests    : Started Nautical99DiaryApplicationTests in 4.849 seconds (JVM running for 6.15)
]]></system-out>
  <system-err><![CDATA[]]></system-err>
</testsuite>
